<?xml version="1.0" encoding="UTF-8"?>
<testsuite xmlns:xsi="http://www.w3.org/2001/XMLSchema-instance" xsi:noNamespaceSchemaLocation="https://maven.apache.org/surefire/maven-surefire-plugin/xsd/surefire-test-report.xsd" version="3.0.2" name="com.pruebatecnica.rickandmortyapi.RickAndMortyApiApplicationTests" time="3.842" tests="1" errors="0" skipped="0" failures="0">
  <properties>
[...]
</properties>
  <testcase name="contextLoads" classname="com.pruebatecnica.rickandmortyapi.RickAndMortyApiApplicationTests" time="0.709">
    <system-out><![CDATA[21:40:23.421 [main] INFO org.springframework.test.context.support.AnnotationConfigContextLoaderUtils -- Could not detect default configuration classes for test class [com.pruebatecnica.rickandmortyapi.RickAndMortyApiApplicationTests]: RickAndMortyApiApplicationTests does not declare any static, non-private, non-final, nested classes annotated with @Configuration.
21:40:23.572 [main] INFO org.springframework.boot.test.context.SpringBootTestContextBootstrapper -- Found @SpringBootConfiguration com.pruebatecnica.rickandmortyapi.RickAndMortyApiApplication for test class com.pruebatecnica.rickandmortyapi.RickAndMortyApiApplicationTests

  .   ____          _            __ _ _
 /\\ / ___'_ __ _ _(_)_ __  __ _ \ \ \ \
( ( )\___ | '_ | '_| | '_ \/ _` | \ \ \ \
 \\/  ___)| |_)| | | | | || (_| |  ) ) ) )
  '  |____| .__|_| |_|_| |_\__, | / / / /
 =========|_|==============|___/=/_/_/_/

 :: Spring Boot ::                (v3.5.0)

2025-06-16T21:40:24.455-05:00  INFO 11276 --- [rick-and-morty-api] [           main] c.p.r.RickAndMortyApiApplicationTests    : Starting RickAndMortyApiApplicationTests using Java 21.0.7 with PID 11276 (started by rojoxt in D:\Desarrollo\Java\rick-and-morty-api)
2025-06-16T21:40:24.457-05:00  INFO 11276 --- [rick-and-morty-api] [           main] c.p.r.RickAndMortyApiApplicationTests    : No active profile set, falling back to 1 default profile: "default"
2025-06-16T21:40:25.460-05:00  INFO 11276 --- [rick-and-morty-api] [           main] o.s.cloud.context.scope.GenericScope     : BeanFactory id=a357d8ce-0bad-3dfc-ac87-46ca612b4c30
2025-06-16T21:40:26.343-05:00  INFO 11276 --- [rick-and-morty-api] [           main] c.p.r.RickAndMortyApiApplicationTests    : Started RickAndMortyApiApplicationTests in 2.28 seconds (process running for 3.702)
]]></system-out>
    <system-err><![CDATA[Mockito is currently self-attaching to enable the inline-mock-maker. This will no longer work in future releases of the JDK. Please add Mockito as an agent to your build as described in Mockito's documentation: https://javadoc.io/doc/org.mockito/mockito-core/latest/org.mockito/org/mockito/Mockito.html#0.3
WARNING: A Java agent has been loaded dynamically (C:\Users\rojoxt\.m2\repository\net\bytebuddy\byte-buddy-agent\1.17.5\byte-buddy-agent-1.17.5.jar)
WARNING: If a serviceability tool is in use, please run with -XX:+EnableDynamicAgentLoading to hide this warning
WARNING: If a serviceability tool is not in use, please run with -Djdk.instrument.traceUsage for more information
WARNING: Dynamic loading of agents will be disallowed by default in a future release
]]></system-err>
  </testcase>
</testsuite>